[32m[Nest] 18192  - [39m21/04/2026, 8:09:33 pm [32m    LOG[39m [38;5;3m[NestFactory] [39m[32mStarting Nest application...[39m
[32m[Nest] 18192  - [39m21/04/2026, 8:09:33 pm [32m    LOG[39m [38;5;3m[InstanceLoader] [39m[32mAppModule dependencies initialized[39m[38;5;3m +29ms[39m
[32m[Nest] 18192  - [39m21/04/2026, 8:09:33 pm [32m    LOG[39m [38;5;3m[InstanceLoader] [39m[32mDatabaseModule dependencies initialized[39m[38;5;3m +0ms[39m
[32m[Nest] 18192  - [39m21/04/2026, 8:09:33 pm [32m    LOG[39m [38;5;3m[InstanceLoader] [39m[32mTypeOrmModule dependencies initialized[39m[38;5;3m +0ms[39m
[32m[Nest] 18192  - [39m21/04/2026, 8:09:33 pm [32m    LOG[39m [38;5;3m[InstanceLoader] [39m[32mPassportModule dependencies initialized[39m[38;5;3m +16ms[39m
[32m[Nest] 18192  - [39m21/04/2026, 8:09:33 pm [32m    LOG[39m [38;5;3m[InstanceLoader] [39m[32mDevicesModule dependencies initialized[39m[38;5;3m +0ms[39m
[32m[Nest] 18192  - [39m21/04/2026, 8:09:33 pm [32m    LOG[39m [38;5;3m[InstanceLoader] [39m[32mConfigHostModule dependencies initialized[39m[38;5;3m +2ms[39m
[32m[Nest] 18192  - [39m21/04/2026, 8:09:33 pm [32m    LOG[39m [38;5;3m[InstanceLoader] [39m[32mTerminusModule dependencies initialized[39m[38;5;3m +0ms[39m
[32m[Nest] 18192  - [39m21/04/2026, 8:09:33 pm [32m    LOG[39m [38;5;3m[InstanceLoader] [39m[32mConfigModule dependencies initialized[39m[38;5;3m +0ms[39m
[32m[Nest] 18192  - [39m21/04/2026, 8:09:33 pm [32m    LOG[39m [38;5;3m[InstanceLoader] [39m[32mConfigModule dependencies initialized[39m[38;5;3m +0ms[39m
[32m[Nest] 18192  - [39m21/04/2026, 8:09:33 pm [32m    LOG[39m [38;5;3m[InstanceLoader] [39m[32mRedisModule dependencies initialized[39m[38;5;3m +62ms[39m
[32m[Nest] 18192  - [39m21/04/2026, 8:09:33 pm [32m    LOG[39m [38;5;3m[InstanceLoader] [39m[32mJwtModule dependencies initialized[39m[38;5;3m +0ms[39m
query: SELECT version()
query: SELECT * FROM current_schema()
query: CREATE EXTENSION IF NOT EXISTS "uuid-ossp"
[32m[Nest] 18192  - [39m21/04/2026, 8:09:33 pm [32m    LOG[39m [38;5;3m[InstanceLoader] [39m[32mTypeOrmCoreModule dependencies initialized[39m[38;5;3m +124ms[39m
[32m[Nest] 18192  - [39m21/04/2026, 8:09:33 pm [32m    LOG[39m [38;5;3m[InstanceLoader] [39m[32mHealthModule dependencies initialized[39m[38;5;3m +0ms[39m
[32m[Nest] 18192  - [39m21/04/2026, 8:09:33 pm [32m    LOG[39m [38;5;3m[InstanceLoader] [39m[32mTypeOrmModule dependencies initialized[39m[38;5;3m +0ms[39m
[32m[Nest] 18192  - [39m21/04/2026, 8:09:33 pm [32m    LOG[39m [38;5;3m[InstanceLoader] [39m[32mTypeOrmModule dependencies initialized[39m[38;5;3m +1ms[39m
[32m[Nest] 18192  - [39m21/04/2026, 8:09:33 pm [32m    LOG[39m [38;5;3m[InstanceLoader] [39m[32mTypeOrmModule dependencies initialized[39m[38;5;3m +0ms[39m
[32m[Nest] 18192  - [39m21/04/2026, 8:09:33 pm [32m    LOG[39m [38;5;3m[InstanceLoader] [39m[32mTypeOrmModule dependencies initialized[39m[38;5;3m +0ms[39m
[32m[Nest] 18192  - [39m21/04/2026, 8:09:33 pm [32m    LOG[39m [38;5;3m[InstanceLoader] [39m[32mTypeOrmModule dependencies initialized[39m[38;5;3m +0ms[39m
[32m[Nest] 18192  - [39m21/04/2026, 8:09:33 pm [32m    LOG[39m [38;5;3m[InstanceLoader] [39m[32mTypeOrmModule dependencies initialized[39m[38;5;3m +0ms[39m
[32m[Nest] 18192  - [39m21/04/2026, 8:09:33 pm [32m    LOG[39m [38;5;3m[InstanceLoader] [39m[32mTypeOrmModule dependencies initialized[39m[38;5;3m +0ms[39m
[32m[Nest] 18192  - [39m21/04/2026, 8:09:33 pm [32m    LOG[39m [38;5;3m[InstanceLoader] [39m[32mTypeOrmModule dependencies initialized[39m[38;5;3m +0ms[39m
[32m[Nest] 18192  - [39m21/04/2026, 8:09:33 pm [32m    LOG[39m [38;5;3m[InstanceLoader] [39m[32mTypeOrmModule dependencies initialized[39m[38;5;3m +0ms[39m
[32m[Nest] 18192  - [39m21/04/2026, 8:09:33 pm [32m    LOG[39m [38;5;3m[InstanceLoader] [39m[32mTypeOrmModule dependencies initialized[39m[38;5;3m +0ms[39m
[32m[Nest] 18192  - [39m21/04/2026, 8:09:33 pm [32m    LOG[39m [38;5;3m[InstanceLoader] [39m[32mTypeOrmModule dependencies initialized[39m[38;5;3m +0ms[39m
[32m[Nest] 18192  - [39m21/04/2026, 8:09:33 pm [32m    LOG[39m [38;5;3m[InstanceLoader] [39m[32mUsersModule dependencies initialized[39m[38;5;3m +2ms[39m
[32m[Nest] 18192  - [39m21/04/2026, 8:09:33 pm [32m    LOG[39m [38;5;3m[InstanceLoader] [39m[32mOnboardingModule dependencies initialized[39m[38;5;3m +2ms[39m
[32m[Nest] 18192  - [39m21/04/2026, 8:09:33 pm [32m    LOG[39m [38;5;3m[InstanceLoader] [39m[32mTenantsModule dependencies initialized[39m[38;5;3m +0ms[39m
[32m[Nest] 18192  - [39m21/04/2026, 8:09:33 pm [32m    LOG[39m [38;5;3m[InstanceLoader] [39m[32mSchoolsModule dependencies initialized[39m[38;5;3m +0ms[39m
[32m[Nest] 18192  - [39m21/04/2026, 8:09:33 pm [32m    LOG[39m [38;5;3m[InstanceLoader] [39m[32mCampusesModule dependencies initialized[39m[38;5;3m +0ms[39m
[32m[Nest] 18192  - [39m21/04/2026, 8:09:33 pm [32m    LOG[39m [38;5;3m[InstanceLoader] [39m[32mAcademicModule dependencies initialized[39m[38;5;3m +0ms[39m
[32m[Nest] 18192  - [39m21/04/2026, 8:09:33 pm [32m    LOG[39m [38;5;3m[InstanceLoader] [39m[32mStudentsModule dependencies initialized[39m[38;5;3m +0ms[39m
[32m[Nest] 18192  - [39m21/04/2026, 8:09:33 pm [32m    LOG[39m [38;5;3m[InstanceLoader] [39m[32mStaffModule dependencies initialized[39m[38;5;3m +0ms[39m
[32m[Nest] 18192  - [39m21/04/2026, 8:09:33 pm [32m    LOG[39m [38;5;3m[InstanceLoader] [39m[32mAdmissionsModule dependencies initialized[39m[38;5;3m +0ms[39m
[32m[Nest] 18192  - [39m21/04/2026, 8:09:33 pm [32m    LOG[39m [38;5;3m[InstanceLoader] [39m[32mAttendanceModule dependencies initialized[39m[38;5;3m +0ms[39m
[32m[Nest] 18192  - [39m21/04/2026, 8:09:33 pm [32m    LOG[39m [38;5;3m[InstanceLoader] [39m[32mAuthModule dependencies initialized[39m[38;5;3m +0ms[39m
[32m[Nest] 18192  - [39m21/04/2026, 8:09:33 pm [32m    LOG[39m [38;5;3m[RoutesResolver] [39m[32mHealthController {/health}:[39m[38;5;3m +7ms[39m
[32m[Nest] 18192  - [39m21/04/2026, 8:09:33 pm [32m    LOG[39m [38;5;3m[RouterExplorer] [39m[32mMapped {/health, GET} route[39m[38;5;3m +2ms[39m
[32m[Nest] 18192  - [39m21/04/2026, 8:09:33 pm [32m    LOG[39m [38;5;3m[RoutesResolver] [39m[32mAuthController {/auth}:[39m[38;5;3m +0ms[39m
[32m[Nest] 18192  - [39m21/04/2026, 8:09:33 pm [32m    LOG[39m [38;5;3m[RouterExplorer] [39m[32mMapped {/auth/login, POST} route[39m[38;5;3m +0ms[39m
[32m[Nest] 18192  - [39m21/04/2026, 8:09:33 pm [32m    LOG[39m [38;5;3m[RouterExplorer] [39m[32mMapped {/auth/refresh, POST} route[39m[38;5;3m +0ms[39m
[32m[Nest] 18192  - [39m21/04/2026, 8:09:33 pm [32m    LOG[39m [38;5;3m[RouterExplorer] [39m[32mMapped {/auth/register-device, POST} route[39m[38;5;3m +1ms[39m
[32m[Nest] 18192  - [39m21/04/2026, 8:09:33 pm [32m    LOG[39m [38;5;3m[RouterExplorer] [39m[32mMapped {/auth/me, GET} route[39m[38;5;3m +0ms[39m
[32m[Nest] 18192  - [39m21/04/2026, 8:09:33 pm [32m    LOG[39m [38;5;3m[RoutesResolver] [39m[32mTenantsController {/tenants}:[39m[38;5;3m +0ms[39m
[32m[Nest] 18192  - [39m21/04/2026, 8:09:33 pm [32m    LOG[39m [38;5;3m[RouterExplorer] [39m[32mMapped {/tenants, GET} route[39m[38;5;3m +0ms[39m
[32m[Nest] 18192  - [39m21/04/2026, 8:09:33 pm [32m    LOG[39m [38;5;3m[RouterExplorer] [39m[32mMapped {/tenants/:id, GET} route[39m[38;5;3m +0ms[39m
[32m[Nest] 18192  - [39m21/04/2026, 8:09:33 pm [32m    LOG[39m [38;5;3m[RouterExplorer] [39m[32mMapped {/tenants, POST} route[39m[38;5;3m +1ms[39m
[32m[Nest] 18192  - [39m21/04/2026, 8:09:33 pm [32m    LOG[39m [38;5;3m[RouterExplorer] [39m[32mMapped {/tenants/:id, PATCH} route[39m[38;5;3m +0ms[39m
[32m[Nest] 18192  - [39m21/04/2026, 8:09:33 pm [32m    LOG[39m [38;5;3m[RouterExplorer] [39m[32mMapped {/tenants/:id, DELETE} route[39m[38;5;3m +0ms[39m
[32m[Nest] 18192  - [39m21/04/2026, 8:09:33 pm [32m    LOG[39m [38;5;3m[RoutesResolver] [39m[32mSchoolsController {/schools}:[39m[38;5;3m +0ms[39m
[32m[Nest] 18192  - [39m21/04/2026, 8:09:33 pm [32m    LOG[39m [38;5;3m[RouterExplorer] [39m[32mMapped {/schools, GET} route[39m[38;5;3m +0ms[39m
[32m[Nest] 18192  - [39m21/04/2026, 8:09:33 pm [32m    LOG[39m [38;5;3m[RouterExplorer] [39m[32mMapped {/schools/:id, GET} route[39m[38;5;3m +1ms[39m
[32m[Nest] 18192  - [39m21/04/2026, 8:09:33 pm [32m    LOG[39m [38;5;3m[RouterExplorer] [39m[32mMapped {/schools, POST} route[39m[38;5;3m +0ms[39m
[32m[Nest] 18192  - [39m21/04/2026, 8:09:33 pm [32m    LOG[39m [38;5;3m[RouterExplorer] [39m[32mMapped {/schools/:id, PATCH} route[39m[38;5;3m +0ms[39m
[32m[Nest] 18192  - [39m21/04/2026, 8:09:33 pm [32m    LOG[39m [38;5;3m[RouterExplorer] [39m[32mMapped {/schools/:id, DELETE} route[39m[38;5;3m +0ms[39m
[32m[Nest] 18192  - [39m21/04/2026, 8:09:33 pm [32m    LOG[39m [38;5;3m[RoutesResolver] [39m[32mCampusesController {/campuses}:[39m[38;5;3m +0ms[39m
[32m[Nest] 18192  - [39m21/04/2026, 8:09:33 pm [32m    LOG[39m [38;5;3m[RouterExplorer] [39m[32mMapped {/campuses, GET} route[39m[38;5;3m +0ms[39m
[32m[Nest] 18192  - [39m21/04/2026, 8:09:33 pm [32m    LOG[39m [38;5;3m[RouterExplorer] [39m[32mMapped {/campuses/:id, GET} route[39m[38;5;3m +0ms[39m
[32m[Nest] 18192  - [39m21/04/2026, 8:09:33 pm [32m    LOG[39m [38;5;3m[RouterExplorer] [39m[32mMapped {/campuses, POST} route[39m[38;5;3m +0ms[39m
[32m[Nest] 18192  - [39m21/04/2026, 8:09:33 pm [32m    LOG[39m [38;5;3m[RouterExplorer] [39m[32mMapped {/campuses/:id, PATCH} route[39m[38;5;3m +0ms[39m
[32m[Nest] 18192  - [39m21/04/2026, 8:09:33 pm [32m    LOG[39m [38;5;3m[RouterExplorer] [39m[32mMapped {/campuses/:id, DELETE} route[39m[38;5;3m +0ms[39m
[32m[Nest] 18192  - [39m21/04/2026, 8:09:33 pm [32m    LOG[39m [38;5;3m[RoutesResolver] [39m[32mAcademicController {/academic}:[39m[38;5;3m +0ms[39m
[32m[Nest] 18192  - [39m21/04/2026, 8:09:33 pm [32m    LOG[39m [38;5;3m[RouterExplorer] [39m[32mMapped {/academic/years, GET} route[39m[38;5;3m +0ms[39m
[32m[Nest] 18192  - [39m21/04/2026, 8:09:33 pm [32m    LOG[39m [38;5;3m[RouterExplorer] [39m[32mMapped {/academic/years, POST} route[39m[38;5;3m +0ms[39m
[32m[Nest] 18192  - [39m21/04/2026, 8:09:33 pm [32m    LOG[39m [38;5;3m[RouterExplorer] [39m[32mMapped {/academic/years/:id, PATCH} route[39m[38;5;3m +1ms[39m
[32m[Nest] 18192  - [39m21/04/2026, 8:09:33 pm [32m    LOG[39m [38;5;3m[RouterExplorer] [39m[32mMapped {/academic/terms, GET} route[39m[38;5;3m +0ms[39m
[32m[Nest] 18192  - [39m21/04/2026, 8:09:33 pm [32m    LOG[39m [38;5;3m[RouterExplorer] [39m[32mMapped {/academic/terms, POST} route[39m[38;5;3m +0ms[39m
[32m[Nest] 18192  - [39m21/04/2026, 8:09:33 pm [32m    LOG[39m [38;5;3m[RouterExplorer] [39m[32mMapped {/academic/class-levels, GET} route[39m[38;5;3m +0ms[39m
[32m[Nest] 18192  - [39m21/04/2026, 8:09:33 pm [32m    LOG[39m [38;5;3m[RouterExplorer] [39m[32mMapped {/academic/class-levels, POST} route[39m[38;5;3m +0ms[39m
[32m[Nest] 18192  - [39m21/04/2026, 8:09:33 pm [32m    LOG[39m [38;5;3m[RouterExplorer] [39m[32mMapped {/academic/class-arms, GET} route[39m[38;5;3m +0ms[39m
[32m[Nest] 18192  - [39m21/04/2026, 8:09:33 pm [32m    LOG[39m [38;5;3m[RouterExplorer] [39m[32mMapped {/academic/class-arms, POST} route[39m[38;5;3m +0ms[39m
[32m[Nest] 18192  - [39m21/04/2026, 8:09:33 pm [32m    LOG[39m [38;5;3m[RouterExplorer] [39m[32mMapped {/academic/subjects, GET} route[39m[38;5;3m +0ms[39m
[32m[Nest] 18192  - [39m21/04/2026, 8:09:33 pm [32m    LOG[39m [38;5;3m[RouterExplorer] [39m[32mMapped {/academic/subjects, POST} route[39m[38;5;3m +0ms[39m
[32m[Nest] 18192  - [39m21/04/2026, 8:09:33 pm [32m    LOG[39m [38;5;3m[RouterExplorer] [39m[32mMapped {/academic/grading-schemes, GET} route[39m[38;5;3m +0ms[39m
[32m[Nest] 18192  - [39m21/04/2026, 8:09:33 pm [32m    LOG[39m [38;5;3m[RouterExplorer] [39m[32mMapped {/academic/grading-schemes, POST} route[39m[38;5;3m +0ms[39m
[32m[Nest] 18192  - [39m21/04/2026, 8:09:33 pm [32m    LOG[39m [38;5;3m[RoutesResolver] [39m[32mStudentsController {/students}:[39m[38;5;3m +0ms[39m
[32m[Nest] 18192  - [39m21/04/2026, 8:09:33 pm [32m    LOG[39m [38;5;3m[RouterExplorer] [39m[32mMapped {/students, GET} route[39m[38;5;3m +0ms[39m
[32m[Nest] 18192  - [39m21/04/2026, 8:09:33 pm [32m    LOG[39m [38;5;3m[RouterExplorer] [39m[32mMapped {/students/:id, GET} route[39m[38;5;3m +0ms[39m
[32m[Nest] 18192  - [39m21/04/2026, 8:09:33 pm [32m    LOG[39m [38;5;3m[RouterExplorer] [39m[32mMapped {/students, POST} route[39m[38;5;3m +0ms[39m
[32m[Nest] 18192  - [39m21/04/2026, 8:09:33 pm [32m    LOG[39m [38;5;3m[RouterExplorer] [39m[32mMapped {/students/:id, PATCH} route[39m[38;5;3m +0ms[39m
[32m[Nest] 18192  - [39m21/04/2026, 8:09:33 pm [32m    LOG[39m [38;5;3m[RouterExplorer] [39m[32mMapped {/students/:id, DELETE} route[39m[38;5;3m +0ms[39m
[32m[Nest] 18192  - [39m21/04/2026, 8:09:33 pm [32m    LOG[39m [38;5;3m[RouterExplorer] [39m[32mMapped {/students/:id/guardians, GET} route[39m[38;5;3m +1ms[39m
[32m[Nest] 18192  - [39m21/04/2026, 8:09:33 pm [32m    LOG[39m [38;5;3m[RouterExplorer] [39m[32mMapped {/students/:id/guardians, POST} route[39m[38;5;3m +0ms[39m
[32m[Nest] 18192  - [39m21/04/2026, 8:09:33 pm [32m    LOG[39m [38;5;3m[RouterExplorer] [39m[32mMapped {/students/:id/enrollments, GET} route[39m[38;5;3m +0ms[39m
[32m[Nest] 18192  - [39m21/04/2026, 8:09:33 pm [32m    LOG[39m [38;5;3m[RouterExplorer] [39m[32mMapped {/students/:id/enrollments, POST} route[39m[38;5;3m +0ms[39m
[32m[Nest] 18192  - [39m21/04/2026, 8:09:33 pm [32m    LOG[39m [38;5;3m[RoutesResolver] [39m[32mStaffController {/staff}:[39m[38;5;3m +0ms[39m
[32m[Nest] 18192  - [39m21/04/2026, 8:09:33 pm [32m    LOG[39m [38;5;3m[RouterExplorer] [39m[32mMapped {/staff, GET} route[39m[38;5;3m +0ms[39m
[32m[Nest] 18192  - [39m21/04/2026, 8:09:33 pm [32m    LOG[39m [38;5;3m[RouterExplorer] [39m[32mMapped {/staff/:id, GET} route[39m[38;5;3m +0ms[39m
[32m[Nest] 18192  - [39m21/04/2026, 8:09:33 pm [32m    LOG[39m [38;5;3m[RouterExplorer] [39m[32mMapped {/staff, POST} route[39m[38;5;3m +0ms[39m
[32m[Nest] 18192  - [39m21/04/2026, 8:09:33 pm [32m    LOG[39m [38;5;3m[RouterExplorer] [39m[32mMapped {/staff/:id, PATCH} route[39m[38;5;3m +0ms[39m
[32m[Nest] 18192  - [39m21/04/2026, 8:09:33 pm [32m    LOG[39m [38;5;3m[RouterExplorer] [39m[32mMapped {/staff/:id, DELETE} route[39m[38;5;3m +0ms[39m
[32m[Nest] 18192  - [39m21/04/2026, 8:09:33 pm [32m    LOG[39m [38;5;3m[RoutesResolver] [39m[32mAdmissionsController {/admissions}:[39m[38;5;3m +0ms[39m
[32m[Nest] 18192  - [39m21/04/2026, 8:09:33 pm [32m    LOG[39m [38;5;3m[RouterExplorer] [39m[32mMapped {/admissions, GET} route[39m[38;5;3m +0ms[39m
[32m[Nest] 18192  - [39m21/04/2026, 8:09:33 pm [32m    LOG[39m [38;5;3m[RouterExplorer] [39m[32mMapped {/admissions/:id, GET} route[39m[38;5;3m +0ms[39m
[32m[Nest] 18192  - [39m21/04/2026, 8:09:33 pm [32m    LOG[39m [38;5;3m[RouterExplorer] [39m[32mMapped {/admissions, POST} route[39m[38;5;3m +0ms[39m
[32m[Nest] 18192  - [39m21/04/2026, 8:09:33 pm [32m    LOG[39m [38;5;3m[RouterExplorer] [39m[32mMapped {/admissions/:id, PATCH} route[39m[38;5;3m +0ms[39m
[32m[Nest] 18192  - [39m21/04/2026, 8:09:33 pm [32m    LOG[39m [38;5;3m[RouterExplorer] [39m[32mMapped {/admissions/:id/admit, POST} route[39m[38;5;3m +0ms[39m
[32m[Nest] 18192  - [39m21/04/2026, 8:09:33 pm [32m    LOG[39m [38;5;3m[RouterExplorer] [39m[32mMapped {/admissions/:id/enroll, POST} route[39m[38;5;3m +1ms[39m
[32m[Nest] 18192  - [39m21/04/2026, 8:09:33 pm [32m    LOG[39m [38;5;3m[RouterExplorer] [39m[32mMapped {/admissions/:id/reject, POST} route[39m[38;5;3m +0ms[39m
[32m[Nest] 18192  - [39m21/04/2026, 8:09:33 pm [32m    LOG[39m [38;5;3m[RoutesResolver] [39m[32mAttendanceController {/attendance}:[39m[38;5;3m +0ms[39m
[32m[Nest] 18192  - [39m21/04/2026, 8:09:33 pm [32m    LOG[39m [38;5;3m[RouterExplorer] [39m[32mMapped {/attendance, GET} route[39m[38;5;3m +0ms[39m
[32m[Nest] 18192  - [39m21/04/2026, 8:09:33 pm [32m    LOG[39m [38;5;3m[RouterExplorer] [39m[32mMapped {/attendance/student/:studentId, GET} route[39m[38;5;3m +0ms[39m
[32m[Nest] 18192  - [39m21/04/2026, 8:09:33 pm [32m    LOG[39m [38;5;3m[RouterExplorer] [39m[32mMapped {/attendance/summary, GET} route[39m[38;5;3m +0ms[39m
[32m[Nest] 18192  - [39m21/04/2026, 8:09:33 pm [32m    LOG[39m [38;5;3m[RouterExplorer] [39m[32mMapped {/attendance, POST} route[39m[38;5;3m +0ms[39m
[32m[Nest] 18192  - [39m21/04/2026, 8:09:33 pm [32m    LOG[39m [38;5;3m[RouterExplorer] [39m[32mMapped {/attendance/bulk, POST} route[39m[38;5;3m +0ms[39m
[32m[Nest] 18192  - [39m21/04/2026, 8:09:33 pm [32m    LOG[39m [38;5;3m[RoutesResolver] [39m[32mOnboardingController {/onboarding}:[39m[38;5;3m +0ms[39m
[32m[Nest] 18192  - [39m21/04/2026, 8:09:33 pm [32m    LOG[39m [38;5;3m[RouterExplorer] [39m[32mMapped {/onboarding/bootstrap-school, POST} route[39m[38;5;3m +0ms[39m
[32m[Nest] 18192  - [39m21/04/2026, 8:09:33 pm [32m    LOG[39m [38;5;3m[NestApplication] [39m[32mNest application successfully started[39m[38;5;3m +3ms[39m
Backend running on http://localhost:3001
Health check: http://localhost:3001/health
query: SELECT "User"."id" AS "User_id", "User"."email" AS "User_email", "User"."password_hash" AS "User_password_hash", "User"."full_name" AS "User_full_name", "User"."role" AS "User_role", "User"."tenant_id" AS "User_tenant_id", "User"."school_id" AS "User_school_id", "User"."campus_id" AS "User_campus_id", "User"."is_active" AS "User_is_active", "User"."deleted" AS "User_deleted", "User"."created_at" AS "User_created_at", "User"."updated_at" AS "User_updated_at" FROM "users" "User" WHERE (("User"."email" = $1) AND ("User"."deleted" = $2)) LIMIT 1 -- PARAMETERS: ["admin@offline-school.local",false]
query: SELECT "User"."id" AS "User_id", "User"."email" AS "User_email", "User"."password_hash" AS "User_password_hash", "User"."full_name" AS "User_full_name", "User"."role" AS "User_role", "User"."tenant_id" AS "User_tenant_id", "User"."school_id" AS "User_school_id", "User"."campus_id" AS "User_campus_id", "User"."is_active" AS "User_is_active", "User"."deleted" AS "User_deleted", "User"."created_at" AS "User_created_at", "User"."updated_at" AS "User_updated_at" FROM "users" "User" WHERE (("User"."email" = $1) AND ("User"."deleted" = $2)) LIMIT 1 -- PARAMETERS: ["admin@offline-school.local",false]
query: SELECT "User"."id" AS "User_id", "User"."email" AS "User_email", "User"."password_hash" AS "User_password_hash", "User"."full_name" AS "User_full_name", "User"."role" AS "User_role", "User"."tenant_id" AS "User_tenant_id", "User"."school_id" AS "User_school_id", "User"."campus_id" AS "User_campus_id", "User"."is_active" AS "User_is_active", "User"."deleted" AS "User_deleted", "User"."created_at" AS "User_created_at", "User"."updated_at" AS "User_updated_at" FROM "users" "User" WHERE (("User"."id" = $1) AND ("User"."deleted" = $2) AND ("User"."is_active" = $3)) LIMIT 1 -- PARAMETERS: ["20cacf89-0a54-4724-9d62-755e7b6b771a",false,true]
query: SELECT "User"."id" AS "User_id", "User"."email" AS "User_email", "User"."password_hash" AS "User_password_hash", "User"."full_name" AS "User_full_name", "User"."role" AS "User_role", "User"."tenant_id" AS "User_tenant_id", "User"."school_id" AS "User_school_id", "User"."campus_id" AS "User_campus_id", "User"."is_active" AS "User_is_active", "User"."deleted" AS "User_deleted", "User"."created_at" AS "User_created_at", "User"."updated_at" AS "User_updated_at" FROM "users" "User" WHERE (("User"."id" = $1) AND ("User"."deleted" = $2) AND ("User"."is_active" = $3)) LIMIT 1 -- PARAMETERS: ["20cacf89-0a54-4724-9d62-755e7b6b771a",false,true]
query: START TRANSACTION
query: INSERT INTO "tenants"("id", "name", "status", "contact_email", "contact_phone", "deleted", "created_at", "updated_at") VALUES (DEFAULT, $1, $2, $3, $4, $5, DEFAULT, DEFAULT) RETURNING "id", "status", "deleted", "created_at", "updated_at" -- PARAMETERS: ["Offline School Demo","trial","admin@offline-school.local","+233200000000",false]
query: INSERT INTO "schools"("id", "tenant_id", "name", "short_name", "school_type", "address", "region", "district", "contact_phone", "contact_email", "deleted", "created_at", "updated_at") VALUES (DEFAULT, $1, $2, $3, $4, $5, $6, $7, $8, $9, $10, DEFAULT, DEFAULT) RETURNING "id", "school_type", "deleted", "created_at", "updated_at" -- PARAMETERS: ["f64c0402-2bec-4cd5-a65c-1af5f9b4d61c","Offline School Demo","OSD","jhs","1 Example Road","Greater Accra","Accra Metro","+233200000000","admin@offline-school.local",false]
query: INSERT INTO "campuses"("id", "tenant_id", "school_id", "name", "address", "contact_phone", "registration_code", "deleted", "created_at", "updated_at") VALUES (DEFAULT, $1, $2, $3, $4, $5, $6, $7, DEFAULT, DEFAULT) RETURNING "id", "deleted", "created_at", "updated_at" -- PARAMETERS: ["f64c0402-2bec-4cd5-a65c-1af5f9b4d61c","c3493c9a-0bbd-49fb-96ef-6562f908e4ad","Main Campus","1 Example Road","+233200000000","OSD-MAIN",false]
query: INSERT INTO "academic_years"("id", "tenant_id", "school_id", "label", "start_date", "end_date", "is_current", "deleted", "created_at", "updated_at") VALUES (DEFAULT, $1, $2, $3, $4, $5, $6, $7, DEFAULT, DEFAULT) RETURNING "id", "is_current", "deleted", "created_at", "updated_at" -- PARAMETERS: ["f64c0402-2bec-4cd5-a65c-1af5f9b4d61c","c3493c9a-0bbd-49fb-96ef-6562f908e4ad","2026/2027","2026-09-01","2027-07-31",true,false]
query: INSERT INTO "terms"("id", "tenant_id", "school_id", "academic_year_id", "name", "term_number", "start_date", "end_date", "is_current", "deleted", "created_at", "updated_at") VALUES (DEFAULT, $1, $2, $3, $4, $5, $6, $7, $8, $9, DEFAULT, DEFAULT) RETURNING "id", "is_current", "deleted", "created_at", "updated_at" -- PARAMETERS: ["f64c0402-2bec-4cd5-a65c-1af5f9b4d61c","c3493c9a-0bbd-49fb-96ef-6562f908e4ad","874cb522-2e4e-49a3-8a83-cd4f39d266b2","Term 1",1,"2026-09-01","2026-12-18",true,false]
query: INSERT INTO "terms"("id", "tenant_id", "school_id", "academic_year_id", "name", "term_number", "start_date", "end_date", "is_current", "deleted", "created_at", "updated_at") VALUES (DEFAULT, $1, $2, $3, $4, $5, $6, $7, $8, $9, DEFAULT, DEFAULT) RETURNING "id", "is_current", "deleted", "created_at", "updated_at" -- PARAMETERS: ["f64c0402-2bec-4cd5-a65c-1af5f9b4d61c","c3493c9a-0bbd-49fb-96ef-6562f908e4ad","874cb522-2e4e-49a3-8a83-cd4f39d266b2","Term 2",2,"2027-01-10","2027-04-09",false,false]
query: INSERT INTO "terms"("id", "tenant_id", "school_id", "academic_year_id", "name", "term_number", "start_date", "end_date", "is_current", "deleted", "created_at", "updated_at") VALUES (DEFAULT, $1, $2, $3, $4, $5, $6, $7, $8, $9, DEFAULT, DEFAULT) RETURNING "id", "is_current", "deleted", "created_at", "updated_at" -- PARAMETERS: ["f64c0402-2bec-4cd5-a65c-1af5f9b4d61c","c3493c9a-0bbd-49fb-96ef-6562f908e4ad","874cb522-2e4e-49a3-8a83-cd4f39d266b2","Term 3",3,"2027-04-26","2027-07-31",false,false]
query: INSERT INTO "class_levels"("id", "tenant_id", "school_id", "name", "sort_order", "deleted", "created_at", "updated_at") VALUES (DEFAULT, $1, $2, $3, $4, $5, DEFAULT, DEFAULT) RETURNING "id", "sort_order", "deleted", "created_at", "updated_at" -- PARAMETERS: ["f64c0402-2bec-4cd5-a65c-1af5f9b4d61c","c3493c9a-0bbd-49fb-96ef-6562f908e4ad","JHS 1",1,false]
query: INSERT INTO "class_arms"("id", "tenant_id", "school_id", "class_level_id", "arm", "display_name", "deleted", "created_at", "updated_at") VALUES (DEFAULT, $1, $2, $3, $4, $5, $6, DEFAULT, DEFAULT) RETURNING "id", "deleted", "created_at", "updated_at" -- PARAMETERS: ["f64c0402-2bec-4cd5-a65c-1af5f9b4d61c","c3493c9a-0bbd-49fb-96ef-6562f908e4ad","d0718ebf-9fea-49fa-810a-e70040bd8973","A","${levelDto.name} ${armDto.arm}",false]
query: INSERT INTO "class_arms"("id", "tenant_id", "school_id", "class_level_id", "arm", "display_name", "deleted", "created_at", "updated_at") VALUES (DEFAULT, $1, $2, $3, $4, $5, $6, DEFAULT, DEFAULT) RETURNING "id", "deleted", "created_at", "updated_at" -- PARAMETERS: ["f64c0402-2bec-4cd5-a65c-1af5f9b4d61c","c3493c9a-0bbd-49fb-96ef-6562f908e4ad","d0718ebf-9fea-49fa-810a-e70040bd8973","B","${levelDto.name} ${armDto.arm}",false]
query: INSERT INTO "class_levels"("id", "tenant_id", "school_id", "name", "sort_order", "deleted", "created_at", "updated_at") VALUES (DEFAULT, $1, $2, $3, $4, $5, DEFAULT, DEFAULT) RETURNING "id", "sort_order", "deleted", "created_at", "updated_at" -- PARAMETERS: ["f64c0402-2bec-4cd5-a65c-1af5f9b4d61c","c3493c9a-0bbd-49fb-96ef-6562f908e4ad","JHS 2",2,false]
query: INSERT INTO "class_arms"("id", "tenant_id", "school_id", "class_level_id", "arm", "display_name", "deleted", "created_at", "updated_at") VALUES (DEFAULT, $1, $2, $3, $4, $5, $6, DEFAULT, DEFAULT) RETURNING "id", "deleted", "created_at", "updated_at" -- PARAMETERS: ["f64c0402-2bec-4cd5-a65c-1af5f9b4d61c","c3493c9a-0bbd-49fb-96ef-6562f908e4ad","f7a56e67-ebbb-4153-a781-a64b3614bce6","A","${levelDto.name} ${armDto.arm}",false]
query: INSERT INTO "subjects"("id", "tenant_id", "school_id", "name", "code", "deleted", "created_at", "updated_at") VALUES (DEFAULT, $1, $2, $3, $4, $5, DEFAULT, DEFAULT) RETURNING "id", "deleted", "created_at", "updated_at" -- PARAMETERS: ["f64c0402-2bec-4cd5-a65c-1af5f9b4d61c","c3493c9a-0bbd-49fb-96ef-6562f908e4ad","Mathematics","MATH",false]
query: INSERT INTO "subjects"("id", "tenant_id", "school_id", "name", "code", "deleted", "created_at", "updated_at") VALUES (DEFAULT, $1, $2, $3, $4, $5, DEFAULT, DEFAULT) RETURNING "id", "deleted", "created_at", "updated_at" -- PARAMETERS: ["f64c0402-2bec-4cd5-a65c-1af5f9b4d61c","c3493c9a-0bbd-49fb-96ef-6562f908e4ad","English Language","ENG",false]
query: INSERT INTO "grading_schemes"("id", "tenant_id", "school_id", "name", "bands", "is_default", "deleted", "created_at", "updated_at") VALUES (DEFAULT, $1, $2, $3, $4, $5, $6, DEFAULT, DEFAULT) RETURNING "id", "is_default", "deleted", "created_at", "updated_at" -- PARAMETERS: ["f64c0402-2bec-4cd5-a65c-1af5f9b4d61c","c3493c9a-0bbd-49fb-96ef-6562f908e4ad","Default WAEC","[{\"remark\":\"Excellent\",\"min\":80,\"grade\":\"A1\",\"max\":100},{\"remark\":\"Very Good\",\"min\":70,\"grade\":\"B2\",\"max\":79},{\"remark\":\"Credit\",\"min\":60,\"grade\":\"C4\",\"max\":69},{\"remark\":\"Pass\",\"min\":50,\"grade\":\"D7\",\"max\":59},{\"remark\":\"Fail\",\"min\":0,\"grade\":\"F9\",\"max\":49}]",true,false]
query: UPDATE "users" SET "tenant_id" = $1, "school_id" = $2, "campus_id" = $3, "updated_at" = CURRENT_TIMESTAMP WHERE "id" IN ($4) -- PARAMETERS: ["f64c0402-2bec-4cd5-a65c-1af5f9b4d61c","c3493c9a-0bbd-49fb-96ef-6562f908e4ad","4e019f64-191c-405d-b4aa-b294dad9ce57","20cacf89-0a54-4724-9d62-755e7b6b771a"]
query: SELECT "User"."id" AS "User_id", "User"."email" AS "User_email", "User"."password_hash" AS "User_password_hash", "User"."full_name" AS "User_full_name", "User"."role" AS "User_role", "User"."tenant_id" AS "User_tenant_id", "User"."school_id" AS "User_school_id", "User"."campus_id" AS "User_campus_id", "User"."is_active" AS "User_is_active", "User"."deleted" AS "User_deleted", "User"."created_at" AS "User_created_at", "User"."updated_at" AS "User_updated_at" FROM "users" "User" WHERE (("User"."id" = $1)) LIMIT 1 -- PARAMETERS: ["20cacf89-0a54-4724-9d62-755e7b6b771a"]
query: COMMIT
